#
# A fatal error has been detected by the Java Runtime Environment:
#
#  EXCEPTION_ACCESS_VIOLATION (0xc0000005) at pc=0x00007fff1ebb26ff, pid=18320, tid=20372
#
# JRE version: Java(TM) SE Runtime Environment (17.0.1+12) (build 17.0.1+12-LTS-39)
# Java VM: Java HotSpot(TM) 64-Bit Server VM (17.0.1+12-LTS-39, mixed mode, sharing, tiered, compressed oops, compressed class ptrs, g1 gc, windows-amd64)
# Problematic frame:
# V  [jvm.dll+0x3d26ff]
#
# No core dump will be written. Minidumps are not enabled by default on client versions of Windows
#
# If you would like to submit a bug report, please visit:
#   https://bugreport.java.com/bugreport/crash.jsp
#

---------------  S U M M A R Y ------------

Command Line: -javaagent:C:\Users\hesha\IntelliJ IDEA 2022.3.2\lib\idea_rt.jar=64895:C:\Users\hesha\IntelliJ IDEA 2022.3.2\bin -Dfile.encoding=UTF-8 --module-path=C:\Users\hesha\.m2\repository\org\openjfx\javafx-graphics\17.0.2\javafx-graphics-17.0.2-win.jar;E:\Coding\Java\Projects\SerialMon\target\classes;C:\Users\hesha\.m2\repository\org\openjfx\javafx-controls\17.0.2\javafx-controls-17.0.2-win.jar;C:\Users\hesha\.m2\repository\com\fazecast\jSerialComm\2.9.3\jSerialComm-2.9.3.jar;C:\Users\hesha\.m2\repository\org\openjfx\javafx-base\17.0.2\javafx-base-17.0.2-win.jar;C:\Users\hesha\.m2\repository\org\openjfx\javafx-fxml\17.0.2\javafx-fxml-17.0.2-win.jar -Djdk.module.main=com.heshanthenura.serialmon com.heshanthenura.serialmon/com.heshanthenura.serialmon.MainApplication

Host: Intel(R) Core(TM) i7-8550U CPU @ 1.80GHz, 8 cores, 7G,  Windows 10 , 64 bit Build 19041 (10.0.19041.3031)
Time: Sun Jul  2 13:26:19 2023 Sri Lanka Standard Time elapsed time: 41.468520 seconds (0d 0h 0m 41s)

---------------  T H R E A D  ---------------

Current thread (0x0000024d6d013680):  JavaThread "Thread-4" [_thread_in_vm, id=20372, stack(0x0000006b78200000,0x0000006b78300000)]

Stack: [0x0000006b78200000,0x0000006b78300000],  sp=0x0000006b782fe7b0,  free space=1017k
Native frames: (J=compiled Java code, j=interpreted, Vv=VM code, C=native code)
V  [jvm.dll+0x3d26ff]
C  [jSerialComm.dll+0x11a6]

Java frames: (J=compiled Java code, j=interpreted, Vv=VM code)
j  com.fazecast.jSerialComm.SerialPort.readBytes(J[BJJII)I+0 com.fazecast.jSerialComm
j  com.fazecast.jSerialComm.SerialPort.readBytes([BJJ)I+26 com.fazecast.jSerialComm
j  com.fazecast.jSerialComm.SerialPort$SerialPortInputStream.read([BII)I+82 com.fazecast.jSerialComm
j  sun.nio.cs.StreamDecoder.readBytes()I+117 java.base@17.0.1
j  sun.nio.cs.StreamDecoder.implRead([CII)I+112 java.base@17.0.1
j  sun.nio.cs.StreamDecoder.read([CII)I+180 java.base@17.0.1
j  java.io.InputStreamReader.read([CII)I+7 java.base@17.0.1
j  java.io.BufferedReader.fill()V+145 java.base@17.0.1
j  java.io.BufferedReader.readLine(Z[Z)Ljava/lang/String;+52 java.base@17.0.1
j  java.io.BufferedReader.readLine()Ljava/lang/String;+3 java.base@17.0.1
j  com.heshanthenura.serialmon.Services.SerialReader.lambda$SerialReader$1(Ljavafx/scene/control/TextArea;)V+29 com.heshanthenura.serialmon
j  com.heshanthenura.serialmon.Services.SerialReader$$Lambda$666+0x0000000800ea4f28.run()V+8 com.heshanthenura.serialmon
j  java.lang.Thread.run()V+11 java.base@17.0.1
v  ~StubRoutines::call_stub

siginfo: EXCEPTION_ACCESS_VIOLATION (0xc0000005), reading address 0xffffffffffffffff


Register to memory mapping:

RIP=0x00007fff1ebb26ff jvm.dll
RAX=0x88eecde800000000 is an unknown value
RBX=0x0 is NULL
RCX=0x0000000088eecdd0 is an oop: java.lang.String 
{0x0000000088eecdd0} - klass: 'java/lang/String'
 - string: "Silicon Labs CP210x USB to UART Bridge (COM3)"
RDX=0x0000000000000010 is an unknown value
RSP=0x0000006b782fe7b0 is pointing into the stack for thread: 0x0000024d6d013680
RBP=0x0000006b782fe9e0 is pointing into the stack for thread: 0x0000024d6d013680
RSI=0x0000024d6d013680 is a thread
RDI=0x0000024d6caa8758 points into unknown readable memory: 0x0000000088eecdd0 | d0 cd ee 88 00 00 00 00
R8 =0x00007fff5dc1fcb0 jSerialComm.dll
R9 =0x00007fff5dbf7e00 jSerialComm.dll
R10=0x00007fff5dbf0000 jSerialComm.dll
R11=0x0000006b782fe210 is pointing into the stack for thread: 0x0000024d6d013680
R12=0x0 is NULL
R13=0x00007fff5dc1fcb0 jSerialComm.dll
R14=0x88eecde800000000 is an unknown value
R15=0x0000024d6d013680 is a thread


Registers:
RAX=0x88eecde800000000, RBX=0x0000000000000000, RCX=0x0000000088eecdd0, RDX=0x0000000000000010
RSP=0x0000006b782fe7b0, RBP=0x0000006b782fe9e0, RSI=0x0000024d6d013680, RDI=0x0000024d6caa8758
R8 =0x00007fff5dc1fcb0, R9 =0x00007fff5dbf7e00, R10=0x00007fff5dbf0000, R11=0x0000006b782fe210
R12=0x0000000000000000, R13=0x00007fff5dc1fcb0, R14=0x88eecde800000000, R15=0x0000024d6d013680
RIP=0x00007fff1ebb26ff, EFLAGS=0x0000000000010246

Top of Stack: (sp=0x0000006b782fe7b0)
0x0000006b782fe7b0:   0000000000000000 00007fff5dc1fcb0
0x0000006b782fe7c0:   00007fff5dc19820 0000000000000040
0x0000006b782fe7d0:   0000006b782fe858 00007fff5dbf1128
0x0000006b782fe7e0:   0000e4623fb6d856 00007fff1ef5e987
0x0000006b782fe7f0:   0000024d6d013680 0000000000000000
0x0000006b782fe800:   0000000000000000 0000006b782fe858
0x0000006b782fe810:   0000024d6d013680 0000006b782fe9f8
0x0000006b782fe820:   0000024d720fb3a8 0000024d6d013928
0x0000006b782fe830:   0000024d6d013928 00007fff5dbf11a6
0x0000006b782fe840:   0000006b782fe9e0 000000000000040d
0x0000006b782fe850:   0000000000000000 000000000000040d
0x0000006b782fe860:   0000000000000000 00007fff5dbf3f67
0x0000006b782fe870:   0000024d6cfdcd00 0000006b782fe9e0
0x0000006b782fe880:   0000024d6d013928 0000000000000000
0x0000006b782fe890:   0000024d73a525c0 0000024d54049657
0x0000006b782fe8a0:   00000000c0000120 0000000000000000 

Instructions: (pc=0x00007fff1ebb26ff)
0x00007fff1ebb25ff:   3d ef ff 48 8b 74 24 58 33 c0 c7 83 38 03 00 00
0x00007fff1ebb260f:   04 00 00 00 48 8b 5c 24 50 48 83 c4 40 5f c3 cc
0x00007fff1ebb261f:   cc 48 8b c4 53 56 48 83 ec 78 48 89 78 10 48 8d
0x00007fff1ebb262f:   b1 58 fd ff ff 4c 89 60 18 33 db 4c 89 68 e8 48
0x00007fff1ebb263f:   8b fa 4c 89 70 e0 4d 8b e8 8b 86 60 03 00 00 05
0x00007fff1ebb264f:   55 21 ff ff 83 f8 01 76 0a 48 8b ce e8 e0 c1 3a
0x00007fff1ebb265f:   00 8b f3 c7 86 38 03 00 00 05 00 00 00 e8 0f e9
0x00007fff1ebb266f:   28 00 48 8b 86 40 03 00 00 a8 01 74 0a b2 01 48
0x00007fff1ebb267f:   8b ce e8 ca dd 2f 00 39 9e 2c 03 00 00 75 0a 8b
0x00007fff1ebb268f:   86 28 03 00 00 a8 0c 74 0a 33 d2 48 8b ce e8 7e
0x00007fff1ebb269f:   e9 3a 00 c7 86 38 03 00 00 06 00 00 00 48 89 74
0x00007fff1ebb26af:   24 40 48 89 5c 24 48 48 39 5e 08 74 0a 48 8d 4c
0x00007fff1ebb26bf:   24 40 e8 aa 7c 2c 00 40 f6 c7 01 74 0c 48 8d 4f
0x00007fff1ebb26cf:   ff ff 15 8a e7 6a 00 eb 09 48 8b cf ff 15 3f 69
0x00007fff1ebb26df:   6a 00 8b 15 69 72 71 00 48 8b c8 48 89 ac 24 90
0x00007fff1ebb26ef:   00 00 00 4c 89 7c 24 60 e8 74 97 28 00 4c 8b f0
0x00007fff1ebb26ff:   48 8b 88 98 00 00 00 4c 8b 60 18 48 8b 49 08 48
0x00007fff1ebb270f:   85 c9 74 61 ff 15 07 69 6a 00 4c 8b f8 48 85 c0
0x00007fff1ebb271f:   74 53 48 8b ae 38 02 00 00 48 8b 7d 18 48 83 ff
0x00007fff1ebb272f:   f7 76 18 4c 8d 05 8f df 4d 00 ba 08 00 00 00 48
0x00007fff1ebb273f:   8b cd e8 ea 81 cd ff 48 8b 7d 18 48 8d 47 08 48
0x00007fff1ebb274f:   3b 45 20 76 17 45 33 c0 48 8b cd 41 8d 50 08 e8
0x00007fff1ebb275f:   4d 7e cd ff 48 8b f8 4c 89 38 eb 0c 48 89 45 18
0x00007fff1ebb276f:   4c 89 3f eb 03 48 8b fb 49 8b 06 49 8b ce ff 90
0x00007fff1ebb277f:   e8 00 00 00 4c 8b 7c 24 60 4c 8b f0 48 85 c0 74
0x00007fff1ebb278f:   4e 48 8b ae 38 02 00 00 48 8b 5d 18 48 83 fb f7
0x00007fff1ebb279f:   76 18 4c 8d 05 20 df 4d 00 ba 08 00 00 00 48 8b
0x00007fff1ebb27af:   cd e8 7b 81 cd ff 48 8b 5d 18 48 8d 43 08 48 3b
0x00007fff1ebb27bf:   45 20 76 14 45 33 c0 48 8b cd 41 8d 50 08 e8 de
0x00007fff1ebb27cf:   7d cd ff 48 8b d8 eb 04 48 89 45 18 4c 89 33 48
0x00007fff1ebb27df:   89 5c 24 30 48 8d 15 56 1e 53 00 48 89 7c 24 28
0x00007fff1ebb27ef:   4d 8b cc 41 b8 17 02 00 00 4c 89 6c 24 20 48 8b 


Stack slot to memory mapping:
stack at sp + 0 slots: 0x0 is NULL
stack at sp + 1 slots: 0x00007fff5dc1fcb0 jSerialComm.dll
stack at sp + 2 slots: 0x00007fff5dc19820 jSerialComm.dll
stack at sp + 3 slots: 0x0000000000000040 is an unknown value
stack at sp + 4 slots: 0x0000006b782fe858 is pointing into the stack for thread: 0x0000024d6d013680
stack at sp + 5 slots: 0x00007fff5dbf1128 jSerialComm.dll
stack at sp + 6 slots: 0x0000e4623fb6d856 is an unknown value
stack at sp + 7 slots: 0x00007fff1ef5e987 jvm.dll


---------------  P R O C E S S  ---------------

Threads class SMR info:
_java_thread_list=0x0000024d73a9da00, length=21, elements={
0x0000024d4b0029b0, 0x0000024d6b04ec10, 0x0000024d6b04fa80, 0x0000024d6b05f4f0,
0x0000024d6b0610b0, 0x0000024d6b063b70, 0x0000024d6b064520, 0x0000024d6b068700,
0x0000024d6b0711b0, 0x0000024d6b0743a0, 0x0000024d6b0382f0, 0x0000024d6c1fb9f0,
0x0000024d6be2c530, 0x0000024d6c3d84c0, 0x0000024d6ca6fce0, 0x0000024d6ca99410,
0x0000024d6cbda750, 0x0000024d6cc6b9c0, 0x0000024d6d042420, 0x0000024d6d0144f0,
0x0000024d6d013680
}

Java Threads: ( => current thread )
  0x0000024d4b0029b0 JavaThread "main" [_thread_blocked, id=19508, stack(0x0000006b76700000,0x0000006b76800000)]
  0x0000024d6b04ec10 JavaThread "Reference Handler" daemon [_thread_blocked, id=15188, stack(0x0000006b76e00000,0x0000006b76f00000)]
  0x0000024d6b04fa80 JavaThread "Finalizer" daemon [_thread_blocked, id=13060, stack(0x0000006b76f00000,0x0000006b77000000)]
  0x0000024d6b05f4f0 JavaThread "Signal Dispatcher" daemon [_thread_blocked, id=10500, stack(0x0000006b77000000,0x0000006b77100000)]
  0x0000024d6b0610b0 JavaThread "Attach Listener" daemon [_thread_blocked, id=14312, stack(0x0000006b77100000,0x0000006b77200000)]
  0x0000024d6b063b70 JavaThread "Service Thread" daemon [_thread_blocked, id=984, stack(0x0000006b77200000,0x0000006b77300000)]
  0x0000024d6b064520 JavaThread "Monitor Deflation Thread" daemon [_thread_blocked, id=7712, stack(0x0000006b77300000,0x0000006b77400000)]
  0x0000024d6b068700 JavaThread "C2 CompilerThread0" daemon [_thread_blocked, id=8944, stack(0x0000006b77400000,0x0000006b77500000)]
  0x0000024d6b0711b0 JavaThread "C1 CompilerThread0" daemon [_thread_blocked, id=12652, stack(0x0000006b77500000,0x0000006b77600000)]
  0x0000024d6b0743a0 JavaThread "Sweeper thread" daemon [_thread_blocked, id=9532, stack(0x0000006b77600000,0x0000006b77700000)]
  0x0000024d6b0382f0 JavaThread "Common-Cleaner" daemon [_thread_blocked, id=2144, stack(0x0000006b77700000,0x0000006b77800000)]
  0x0000024d6c1fb9f0 JavaThread "Monitor Ctrl-Break" daemon [_thread_in_native, id=19876, stack(0x0000006b77a00000,0x0000006b77b00000)]
  0x0000024d6be2c530 JavaThread "Notification Thread" daemon [_thread_blocked, id=11528, stack(0x0000006b77b00000,0x0000006b77c00000)]
  0x0000024d6c3d84c0 JavaThread "QuantumRenderer-0" daemon [_thread_blocked, id=17004, stack(0x0000006b77900000,0x0000006b77a00000)]
  0x0000024d6ca6fce0 JavaThread "InvokeLaterDispatcher" daemon [_thread_blocked, id=13884, stack(0x0000006b77800000,0x0000006b77900000)]
  0x0000024d6ca99410 JavaThread "JavaFX Application Thread" [_thread_in_native, id=13612, stack(0x0000006b77d00000,0x0000006b77e00000)]
  0x0000024d6cbda750 JavaThread "Thread-1" daemon [_thread_blocked, id=2092, stack(0x0000006b78100000,0x0000006b78200000)]
  0x0000024d6cc6b9c0 JavaThread "JavaFX-Launcher" [_thread_blocked, id=16080, stack(0x0000006b78300000,0x0000006b78400000)]
  0x0000024d6d042420 JavaThread "Prism Font Disposer" daemon [_thread_blocked, id=11852, stack(0x0000006b78a00000,0x0000006b78b00000)]
  0x0000024d6d0144f0 JavaThread "Cleaner-0" daemon [_thread_blocked, id=7080, stack(0x0000006b79100000,0x0000006b79200000)]
=>0x0000024d6d013680 JavaThread "Thread-4" [_thread_in_vm, id=20372, stack(0x0000006b78200000,0x0000006b78300000)]

Other Threads:
  0x0000024d6b047fd0 VMThread "VM Thread" [stack: 0x0000006b76d00000,0x0000006b76e00000] [id=6736] _threads_hazard_ptr=0x0000024d73a9da00
  0x0000024d4b05ae20 WatcherThread [stack: 0x0000006b77c00000,0x0000006b77d00000] [id=17852]
  0x0000024d4b040790 GCTaskThread "GC Thread#0" [stack: 0x0000006b76800000,0x0000006b76900000] [id=17040]
  0x0000024d6cc853c0 GCTaskThread "GC Thread#1" [stack: 0x0000006b78400000,0x0000006b78500000] [id=7320]
  0x0000024d6ccf3b80 GCTaskThread "GC Thread#2" [stack: 0x0000006b78500000,0x0000006b78600000] [id=10080]
  0x0000024d6cd00270 GCTaskThread "GC Thread#3" [stack: 0x0000006b78600000,0x0000006b78700000] [id=15112]
  0x0000024d6cd009a0 GCTaskThread "GC Thread#4" [stack: 0x0000006b78700000,0x0000006b78800000] [id=5612]
  0x0000024d6cd03070 GCTaskThread "GC Thread#5" [stack: 0x0000006b78800000,0x0000006b78900000] [id=20432]
  0x0000024d6ccf8250 GCTaskThread "GC Thread#6" [stack: 0x0000006b78900000,0x0000006b78a00000] [id=2764]
  0x0000024d6d18a750 GCTaskThread "GC Thread#7" [stack: 0x0000006b78e00000,0x0000006b78f00000] [id=19344]
  0x0000024d4b052320 ConcurrentGCThread "G1 Main Marker" [stack: 0x0000006b76900000,0x0000006b76a00000] [id=16588]
  0x0000024d4b0534d0 ConcurrentGCThread "G1 Conc#0" [stack: 0x0000006b76a00000,0x0000006b76b00000] [id=10188]
  0x0000024d6af10090 ConcurrentGCThread "G1 Refine#0" [stack: 0x0000006b76b00000,0x0000006b76c00000] [id=6412]
  0x0000024d73e134d0 ConcurrentGCThread "G1 Refine#1" [stack: 0x0000006b78f00000,0x0000006b79000000] [id=19984]
  0x0000024d6af10ab0 ConcurrentGCThread "G1 Service" [stack: 0x0000006b76c00000,0x0000006b76d00000] [id=15404]

Threads with active compile tasks:

VM state: synchronizing (normal execution)

VM Mutex/Monitor currently owned by a thread:  ([mutex/lock_event])
[0x0000024d4afff7c0] Threads_lock - owner thread: 0x0000024d6b047fd0

Heap address: 0x0000000081e00000, size: 2018 MB, Compressed Oops mode: 32-bit

CDS archive(s) mapped at: [0x0000000800000000-0x0000000800bc0000-0x0000000800bc0000), size 12320768, SharedBaseAddress: 0x0000000800000000, ArchiveRelocationMode: 0.
Compressed class space mapped at: 0x0000000800c00000-0x0000000840c00000, reserved size: 1073741824
Narrow klass base: 0x0000000800000000, Narrow klass shift: 0, Narrow klass range: 0x100000000

GC Precious Log:
 CPUs: 8 total, 8 available
 Memory: 8067M
 Large Page Support: Disabled
 NUMA Support: Disabled
 Compressed Oops: Enabled (32-bit)
 Heap Region Size: 1M
 Heap Min Capacity: 8M
 Heap Initial Capacity: 128M
 Heap Max Capacity: 2018M
 Pre-touch: Disabled
 Parallel Workers: 8
 Concurrent Workers: 2
 Concurrent Refinement Workers: 8
 Periodic GC: Disabled

Heap:
 garbage-first heap   total 131072K, used 26555K [0x0000000081e00000, 0x0000000100000000)
  region size 1024K, 23 young (23552K), 5 survivors (5120K)
 Metaspace       used 17737K, committed 18048K, reserved 1064960K
  class space    used 2556K, committed 2688K, reserved 1048576K

Heap Regions: E=young(eden), S=young(survivor), O=old, HS=humongous(starts), HC=humongous(continues), CS=collection set, F=free, OA=open archive, CA=closed archive, TAMS=top-at-mark-start (previous, next)
|   0|0x0000000081e00000, 0x0000000081f00000, 0x0000000081f00000|100%| O|  |TAMS 0x0000000081e00000, 0x0000000081e00000| Untracked 
|   1|0x0000000081f00000, 0x0000000081feec00, 0x0000000082000000| 93%| O|  |TAMS 0x0000000081f00000, 0x0000000081f00000| Untracked 
|   2|0x0000000082000000, 0x0000000082100000, 0x0000000082100000|100%|HS|  |TAMS 0x0000000082000000, 0x0000000082000000| Complete 
|   3|0x0000000082100000, 0x0000000082200000, 0x0000000082200000|100%|HC|  |TAMS 0x0000000082100000, 0x0000000082100000| Complete 
|   4|0x0000000082200000, 0x0000000082200000, 0x0000000082300000|  0%| F|  |TAMS 0x0000000082200000, 0x0000000082200000| Untracked 
|   5|0x0000000082300000, 0x0000000082300000, 0x0000000082400000|  0%| F|  |TAMS 0x0000000082300000, 0x0000000082300000| Untracked 
|   6|0x0000000082400000, 0x0000000082400000, 0x0000000082500000|  0%| F|  |TAMS 0x0000000082400000, 0x0000000082400000| Untracked 
|   7|0x0000000082500000, 0x0000000082500000, 0x0000000082600000|  0%| F|  |TAMS 0x0000000082500000, 0x0000000082500000| Untracked 
|   8|0x0000000082600000, 0x0000000082600000, 0x0000000082700000|  0%| F|  |TAMS 0x0000000082600000, 0x0000000082600000| Untracked 
|   9|0x0000000082700000, 0x0000000082700000, 0x0000000082800000|  0%| F|  |TAMS 0x0000000082700000, 0x0000000082700000| Untracked 
|  10|0x0000000082800000, 0x0000000082800000, 0x0000000082900000|  0%| F|  |TAMS 0x0000000082800000, 0x0000000082800000| Untracked 
|  11|0x0000000082900000, 0x0000000082900000, 0x0000000082a00000|  0%| F|  |TAMS 0x0000000082900000, 0x0000000082900000| Untracked 
|  12|0x0000000082a00000, 0x0000000082a00000, 0x0000000082b00000|  0%| F|  |TAMS 0x0000000082a00000, 0x0000000082a00000| Untracked 
|  13|0x0000000082b00000, 0x0000000082b00000, 0x0000000082c00000|  0%| F|  |TAMS 0x0000000082b00000, 0x0000000082b00000| Untracked 
|  14|0x0000000082c00000, 0x0000000082c00000, 0x0000000082d00000|  0%| F|  |TAMS 0x0000000082c00000, 0x0000000082c00000| Untracked 
|  15|0x0000000082d00000, 0x0000000082d00000, 0x0000000082e00000|  0%| F|  |TAMS 0x0000000082d00000, 0x0000000082d00000| Untracked 
|  16|0x0000000082e00000, 0x0000000082e00000, 0x0000000082f00000|  0%| F|  |TAMS 0x0000000082e00000, 0x0000000082e00000| Untracked 
|  17|0x0000000082f00000, 0x0000000082f00000, 0x0000000083000000|  0%| F|  |TAMS 0x0000000082f00000, 0x0000000082f00000| Untracked 
|  18|0x0000000083000000, 0x0000000083000000, 0x0000000083100000|  0%| F|  |TAMS 0x0000000083000000, 0x0000000083000000| Untracked 
|  19|0x0000000083100000, 0x0000000083100000, 0x0000000083200000|  0%| F|  |TAMS 0x0000000083100000, 0x0000000083100000| Untracked 
|  20|0x0000000083200000, 0x0000000083200000, 0x0000000083300000|  0%| F|  |TAMS 0x0000000083200000, 0x0000000083200000| Untracked 
|  21|0x0000000083300000, 0x0000000083300000, 0x0000000083400000|  0%| F|  |TAMS 0x0000000083300000, 0x0000000083300000| Untracked 
|  22|0x0000000083400000, 0x0000000083400000, 0x0000000083500000|  0%| F|  |TAMS 0x0000000083400000, 0x0000000083400000| Untracked 
|  23|0x0000000083500000, 0x0000000083500000, 0x0000000083600000|  0%| F|  |TAMS 0x0000000083500000, 0x0000000083500000| Untracked 
|  24|0x0000000083600000, 0x0000000083600000, 0x0000000083700000|  0%| F|  |TAMS 0x0000000083600000, 0x0000000083600000| Untracked 
|  25|0x0000000083700000, 0x0000000083700000, 0x0000000083800000|  0%| F|  |TAMS 0x0000000083700000, 0x0000000083700000| Untracked 
|  26|0x0000000083800000, 0x0000000083800000, 0x0000000083900000|  0%| F|  |TAMS 0x0000000083800000, 0x0000000083800000| Untracked 
|  27|0x0000000083900000, 0x0000000083900000, 0x0000000083a00000|  0%| F|  |TAMS 0x0000000083900000, 0x0000000083900000| Untracked 
|  28|0x0000000083a00000, 0x0000000083a00000, 0x0000000083b00000|  0%| F|  |TAMS 0x0000000083a00000, 0x0000000083a00000| Untracked 
|  29|0x0000000083b00000, 0x0000000083b00000, 0x0000000083c00000|  0%| F|  |TAMS 0x0000000083b00000, 0x0000000083b00000| Untracked 
|  30|0x0000000083c00000, 0x0000000083c00000, 0x0000000083d00000|  0%| F|  |TAMS 0x0000000083c00000, 0x0000000083c00000| Untracked 
|  31|0x0000000083d00000, 0x0000000083d00000, 0x0000000083e00000|  0%| F|  |TAMS 0x0000000083d00000, 0x0000000083d00000| Untracked 
|  32|0x0000000083e00000, 0x0000000083e00000, 0x0000000083f00000|  0%| F|  |TAMS 0x0000000083e00000, 0x0000000083e00000| Untracked 
|  33|0x0000000083f00000, 0x0000000083f00000, 0x0000000084000000|  0%| F|  |TAMS 0x0000000083f00000, 0x0000000083f00000| Untracked 
|  34|0x0000000084000000, 0x0000000084000000, 0x0000000084100000|  0%| F|  |TAMS 0x0000000084000000, 0x0000000084000000| Untracked 
|  35|0x0000000084100000, 0x0000000084100000, 0x0000000084200000|  0%| F|  |TAMS 0x0000000084100000, 0x0000000084100000| Untracked 
|  36|0x0000000084200000, 0x0000000084200000, 0x0000000084300000|  0%| F|  |TAMS 0x0000000084200000, 0x0000000084200000| Untracked 
|  37|0x0000000084300000, 0x0000000084300000, 0x0000000084400000|  0%| F|  |TAMS 0x0000000084300000, 0x0000000084300000| Untracked 
|  38|0x0000000084400000, 0x0000000084400000, 0x0000000084500000|  0%| F|  |TAMS 0x0000000084400000, 0x0000000084400000| Untracked 
|  39|0x0000000084500000, 0x0000000084500000, 0x0000000084600000|  0%| F|  |TAMS 0x0000000084500000, 0x0000000084500000| Untracked 
|  40|0x0000000084600000, 0x0000000084600000, 0x0000000084700000|  0%| F|  |TAMS 0x0000000084600000, 0x0000000084600000| Untracked 
|  41|0x0000000084700000, 0x0000000084700000, 0x0000000084800000|  0%| F|  |TAMS 0x0000000084700000, 0x0000000084700000| Untracked 
|  42|0x0000000084800000, 0x0000000084800000, 0x0000000084900000|  0%| F|  |TAMS 0x0000000084800000, 0x0000000084800000| Untracked 
|  43|0x0000000084900000, 0x0000000084900000, 0x0000000084a00000|  0%| F|  |TAMS 0x0000000084900000, 0x0000000084900000| Untracked 
|  44|0x0000000084a00000, 0x0000000084a00000, 0x0000000084b00000|  0%| F|  |TAMS 0x0000000084a00000, 0x0000000084a00000| Untracked 
|  45|0x0000000084b00000, 0x0000000084b00000, 0x0000000084c00000|  0%| F|  |TAMS 0x0000000084b00000, 0x0000000084b00000| Untracked 
|  46|0x0000000084c00000, 0x0000000084c00000, 0x0000000084d00000|  0%| F|  |TAMS 0x0000000084c00000, 0x0000000084c00000| Untracked 
|  47|0x0000000084d00000, 0x0000000084d00000, 0x0000000084e00000|  0%| F|  |TAMS 0x0000000084d00000, 0x0000000084d00000| Untracked 
|  48|0x0000000084e00000, 0x0000000084e00000, 0x0000000084f00000|  0%| F|  |TAMS 0x0000000084e00000, 0x0000000084e00000| Untracked 
|  49|0x0000000084f00000, 0x0000000084f00000, 0x0000000085000000|  0%| F|  |TAMS 0x0000000084f00000, 0x0000000084f00000| Untracked 
|  50|0x0000000085000000, 0x0000000085000000, 0x0000000085100000|  0%| F|  |TAMS 0x0000000085000000, 0x0000000085000000| Untracked 
|  51|0x0000000085100000, 0x0000000085100000, 0x0000000085200000|  0%| F|  |TAMS 0x0000000085100000, 0x0000000085100000| Untracked 
|  52|0x0000000085200000, 0x0000000085200000, 0x0000000085300000|  0%| F|  |TAMS 0x0000000085200000, 0x0000000085200000| Untracked 
|  53|0x0000000085300000, 0x0000000085300000, 0x0000000085400000|  0%| F|  |TAMS 0x0000000085300000, 0x0000000085300000| Untracked 
|  54|0x0000000085400000, 0x0000000085400000, 0x0000000085500000|  0%| F|  |TAMS 0x0000000085400000, 0x0000000085400000| Untracked 
|  55|0x0000000085500000, 0x0000000085500000, 0x0000000085600000|  0%| F|  |TAMS 0x0000000085500000, 0x0000000085500000| Untracked 
|  56|0x0000000085600000, 0x0000000085600000, 0x0000000085700000|  0%| F|  |TAMS 0x0000000085600000, 0x0000000085600000| Untracked 
|  57|0x0000000085700000, 0x0000000085700000, 0x0000000085800000|  0%| F|  |TAMS 0x0000000085700000, 0x0000000085700000| Untracked 
|  58|0x0000000085800000, 0x0000000085800000, 0x0000000085900000|  0%| F|  |TAMS 0x0000000085800000, 0x0000000085800000| Untracked 
|  59|0x0000000085900000, 0x0000000085900000, 0x0000000085a00000|  0%| F|  |TAMS 0x0000000085900000, 0x0000000085900000| Untracked 
|  60|0x0000000085a00000, 0x0000000085a00000, 0x0000000085b00000|  0%| F|  |TAMS 0x0000000085a00000, 0x0000000085a00000| Untracked 
|  61|0x0000000085b00000, 0x0000000085b00000, 0x0000000085c00000|  0%| F|  |TAMS 0x0000000085b00000, 0x0000000085b00000| Untracked 
|  62|0x0000000085c00000, 0x0000000085c00000, 0x0000000085d00000|  0%| F|  |TAMS 0x0000000085c00000, 0x0000000085c00000| Untracked 
|  63|0x0000000085d00000, 0x0000000085d00000, 0x0000000085e00000|  0%| F|  |TAMS 0x0000000085d00000, 0x0000000085d00000| Untracked 
|  64|0x0000000085e00000, 0x0000000085e00000, 0x0000000085f00000|  0%| F|  |TAMS 0x0000000085e00000, 0x0000000085e00000| Untracked 
|  65|0x0000000085f00000, 0x0000000085f00000, 0x0000000086000000|  0%| F|  |TAMS 0x0000000085f00000, 0x0000000085f00000| Untracked 
|  66|0x0000000086000000, 0x0000000086000000, 0x0000000086100000|  0%| F|  |TAMS 0x0000000086000000, 0x0000000086000000| Untracked 
|  67|0x0000000086100000, 0x0000000086100000, 0x0000000086200000|  0%| F|  |TAMS 0x0000000086100000, 0x0000000086100000| Untracked 
|  68|0x0000000086200000, 0x0000000086200000, 0x0000000086300000|  0%| F|  |TAMS 0x0000000086200000, 0x0000000086200000| Untracked 
|  69|0x0000000086300000, 0x0000000086300000, 0x0000000086400000|  0%| F|  |TAMS 0x0000000086300000, 0x0000000086300000| Untracked 
|  70|0x0000000086400000, 0x0000000086400000, 0x0000000086500000|  0%| F|  |TAMS 0x0000000086400000, 0x0000000086400000| Untracked 
|  71|0x0000000086500000, 0x0000000086500000, 0x0000000086600000|  0%| F|  |TAMS 0x0000000086500000, 0x0000000086500000| Untracked 
|  72|0x0000000086600000, 0x0000000086600000, 0x0000000086700000|  0%| F|  |TAMS 0x0000000086600000, 0x0000000086600000| Untracked 
|  73|0x0000000086700000, 0x0000000086700000, 0x0000000086800000|  0%| F|  |TAMS 0x0000000086700000, 0x0000000086700000| Untracked 
|  74|0x0000000086800000, 0x0000000086800000, 0x0000000086900000|  0%| F|  |TAMS 0x0000000086800000, 0x0000000086800000| Untracked 
|  75|0x0000000086900000, 0x0000000086900000, 0x0000000086a00000|  0%| F|  |TAMS 0x0000000086900000, 0x0000000086900000| Untracked 
|  76|0x0000000086a00000, 0x0000000086a00000, 0x0000000086b00000|  0%| F|  |TAMS 0x0000000086a00000, 0x0000000086a00000| Untracked 
|  77|0x0000000086b00000, 0x0000000086b00000, 0x0000000086c00000|  0%| F|  |TAMS 0x0000000086b00000, 0x0000000086b00000| Untracked 
|  78|0x0000000086c00000, 0x0000000086c00000, 0x0000000086d00000|  0%| F|  |TAMS 0x0000000086c00000, 0x0000000086c00000| Untracked 
|  79|0x0000000086d00000, 0x0000000086d00000, 0x0000000086e00000|  0%| F|  |TAMS 0x0000000086d00000, 0x0000000086d00000| Untracked 
|  80|0x0000000086e00000, 0x0000000086e00000, 0x0000000086f00000|  0%| F|  |TAMS 0x0000000086e00000, 0x0000000086e00000| Untracked 
|  81|0x0000000086f00000, 0x0000000086f00000, 0x0000000087000000|  0%| F|  |TAMS 0x0000000086f00000, 0x0000000086f00000| Untracked 
|  82|0x0000000087000000, 0x0000000087000000, 0x0000000087100000|  0%| F|  |TAMS 0x0000000087000000, 0x0000000087000000| Untracked 
|  83|0x0000000087100000, 0x0000000087100000, 0x0000000087200000|  0%| F|  |TAMS 0x0000000087100000, 0x0000000087100000| Untracked 
|  84|0x0000000087200000, 0x0000000087200000, 0x0000000087300000|  0%| F|  |TAMS 0x0000000087200000, 0x0000000087200000| Untracked 
|  85|0x0000000087300000, 0x0000000087300000, 0x0000000087400000|  0%| F|  |TAMS 0x0000000087300000, 0x0000000087300000| Untracked 
|  86|0x0000000087400000, 0x0000000087400000, 0x0000000087500000|  0%| F|  |TAMS 0x0000000087400000, 0x0000000087400000| Untracked 
|  87|0x0000000087500000, 0x0000000087600000, 0x0000000087600000|100%| S|CS|TAMS 0x0000000087500000, 0x0000000087500000| Complete 
|  88|0x0000000087600000, 0x0000000087700000, 0x0000000087700000|100%| S|CS|TAMS 0x0000000087600000, 0x0000000087600000| Complete 
|  89|0x0000000087700000, 0x0000000087800000, 0x0000000087800000|100%| S|CS|TAMS 0x0000000087700000, 0x0000000087700000| Complete 
|  90|0x0000000087800000, 0x0000000087900000, 0x0000000087900000|100%| S|CS|TAMS 0x0000000087800000, 0x0000000087800000| Complete 
|  91|0x0000000087900000, 0x0000000087a00000, 0x0000000087a00000|100%| S|CS|TAMS 0x0000000087900000, 0x0000000087900000| Complete 
|  92|0x0000000087a00000, 0x0000000087a00000, 0x0000000087b00000|  0%| F|  |TAMS 0x0000000087a00000, 0x0000000087a00000| Untracked 
|  93|0x0000000087b00000, 0x0000000087b00000, 0x0000000087c00000|  0%| F|  |TAMS 0x0000000087b00000, 0x0000000087b00000| Untracked 
|  94|0x0000000087c00000, 0x0000000087c00000, 0x0000000087d00000|  0%| F|  |TAMS 0x0000000087c00000, 0x0000000087c00000| Untracked 
|  95|0x0000000087d00000, 0x0000000087d00000, 0x0000000087e00000|  0%| F|  |TAMS 0x0000000087d00000, 0x0000000087d00000| Untracked 
|  96|0x0000000087e00000, 0x0000000087e00000, 0x0000000087f00000|  0%| F|  |TAMS 0x0000000087e00000, 0x0000000087e00000| Untracked 
|  97|0x0000000087f00000, 0x0000000087f00000, 0x0000000088000000|  0%| F|  |TAMS 0x0000000087f00000, 0x0000000087f00000| Untracked 
|  98|0x0000000088000000, 0x0000000088000000, 0x0000000088100000|  0%| F|  |TAMS 0x0000000088000000, 0x0000000088000000| Untracked 
|  99|0x0000000088100000, 0x0000000088100000, 0x0000000088200000|  0%| F|  |TAMS 0x0000000088100000, 0x0000000088100000| Untracked 
| 100|0x0000000088200000, 0x0000000088200000, 0x0000000088300000|  0%| F|  |TAMS 0x0000000088200000, 0x0000000088200000| Untracked 
| 101|0x0000000088300000, 0x0000000088300000, 0x0000000088400000|  0%| F|  |TAMS 0x0000000088300000, 0x0000000088300000| Untracked 
| 102|0x0000000088400000, 0x0000000088400000, 0x0000000088500000|  0%| F|  |TAMS 0x0000000088400000, 0x0000000088400000| Untracked 
| 103|0x0000000088500000, 0x0000000088500000, 0x0000000088600000|  0%| F|  |TAMS 0x0000000088500000, 0x0000000088500000| Untracked 
| 104|0x0000000088600000, 0x0000000088600000, 0x0000000088700000|  0%| F|  |TAMS 0x0000000088600000, 0x0000000088600000| Untracked 
| 105|0x0000000088700000, 0x0000000088700000, 0x0000000088800000|  0%| F|  |TAMS 0x0000000088700000, 0x0000000088700000| Untracked 
| 106|0x0000000088800000, 0x0000000088800000, 0x0000000088900000|  0%| F|  |TAMS 0x0000000088800000, 0x0000000088800000| Untracked 
| 107|0x0000000088900000, 0x0000000088900000, 0x0000000088a00000|  0%| F|  |TAMS 0x0000000088900000, 0x0000000088900000| Untracked 
| 108|0x0000000088a00000, 0x0000000088a00000, 0x0000000088b00000|  0%| F|  |TAMS 0x0000000088a00000, 0x0000000088a00000| Untracked 
| 109|0x0000000088b00000, 0x0000000088b00000, 0x0000000088c00000|  0%| F|  |TAMS 0x0000000088b00000, 0x0000000088b00000| Untracked 
| 110|0x0000000088c00000, 0x0000000088c80800, 0x0000000088d00000| 50%| E|  |TAMS 0x0000000088c00000, 0x0000000088c00000| Complete 
| 111|0x0000000088d00000, 0x0000000088e00000, 0x0000000088e00000|100%| E|CS|TAMS 0x0000000088d00000, 0x0000000088d00000| Complete 
| 112|0x0000000088e00000, 0x0000000088f00000, 0x0000000088f00000|100%| E|CS|TAMS 0x0000000088e00000, 0x0000000088e00000| Complete 
| 113|0x0000000088f00000, 0x0000000089000000, 0x0000000089000000|100%| E|CS|TAMS 0x0000000088f00000, 0x0000000088f00000| Complete 
| 114|0x0000000089000000, 0x0000000089100000, 0x0000000089100000|100%| E|CS|TAMS 0x0000000089000000, 0x0000000089000000| Complete 
| 115|0x0000000089100000, 0x0000000089200000, 0x0000000089200000|100%| E|CS|TAMS 0x0000000089100000, 0x0000000089100000| Complete 
| 116|0x0000000089200000, 0x0000000089300000, 0x0000000089300000|100%| E|CS|TAMS 0x0000000089200000, 0x0000000089200000| Complete 
| 117|0x0000000089300000, 0x0000000089400000, 0x0000000089400000|100%| E|CS|TAMS 0x0000000089300000, 0x0000000089300000| Complete 
| 118|0x0000000089400000, 0x0000000089500000, 0x0000000089500000|100%| E|CS|TAMS 0x0000000089400000, 0x0000000089400000| Complete 
| 119|0x0000000089500000, 0x0000000089600000, 0x0000000089600000|100%| E|CS|TAMS 0x0000000089500000, 0x0000000089500000| Complete 
| 120|0x0000000089600000, 0x0000000089700000, 0x0000000089700000|100%| E|CS|TAMS 0x0000000089600000, 0x0000000089600000| Complete 
| 121|0x0000000089700000, 0x0000000089800000, 0x0000000089800000|100%| E|CS|TAMS 0x0000000089700000, 0x0000000089700000| Complete 
| 122|0x0000000089800000, 0x0000000089900000, 0x0000000089900000|100%| E|CS|TAMS 0x0000000089800000, 0x0000000089800000| Complete 
| 123|0x0000000089900000, 0x0000000089a00000, 0x0000000089a00000|100%| E|CS|TAMS 0x0000000089900000, 0x0000000089900000| Complete 
| 124|0x0000000089a00000, 0x0000000089b00000, 0x0000000089b00000|100%| E|CS|TAMS 0x0000000089a00000, 0x0000000089a00000| Complete 
| 125|0x0000000089b00000, 0x0000000089c00000, 0x0000000089c00000|100%| E|CS|TAMS 0x0000000089b00000, 0x0000000089b00000| Complete 
| 126|0x0000000089c00000, 0x0000000089d00000, 0x0000000089d00000|100%| E|CS|TAMS 0x0000000089c00000, 0x0000000089c00000| Complete 
| 127|0x0000000089d00000, 0x0000000089e00000, 0x0000000089e00000|100%| E|CS|TAMS 0x0000000089d00000, 0x0000000089d00000| Complete 

Card table byte_map: [0x0000024d63eb0000,0x0000024d642b0000] _byte_map_base: 0x0000024d63aa1000

Marking Bits (Prev, Next): (CMBitMap*) 0x0000024d4b041db0, (CMBitMap*) 0x0000024d4b041df0
 Prev Bits: [0x0000024d646b0000, 0x0000024d66638000)
 Next Bits: [0x0000024d66640000, 0x0000024d685c8000)

Polling page: 0x0000024d4b0e0000

Metaspace:

Usage:
  Non-class:     14.82 MB used.
      Class:      2.50 MB used.
       Both:     17.32 MB used.

Virtual space:
  Non-class space:       16.00 MB reserved,      15.00 MB ( 94%) committed,  2 nodes.
      Class space:        1.00 GB reserved,       2.62 MB ( <1%) committed,  1 nodes.
             Both:        1.02 GB reserved,      17.62 MB (  2%) committed. 

Chunk freelists:
   Non-Class:  944.00 KB
       Class:  1.35 MB
        Both:  2.27 MB

MaxMetaspaceSize: unlimited
CompressedClassSpaceSize: 1.00 GB
Initial GC threshold: 21.00 MB
Current GC threshold: 21.00 MB
CDS: on
MetaspaceReclaimPolicy: balanced
 - commit_granule_bytes: 65536.
 - commit_granule_words: 8192.
 - virtual_space_node_default_size: 1048576.
 - enlarge_chunks_in_place: 1.
 - new_chunks_are_fully_committed: 0.
 - uncommit_free_chunks: 1.
 - use_allocation_guard: 0.
 - handle_deallocations: 1.


Internal statistics:

num_allocs_failed_limit: 0.
num_arena_births: 222.
num_arena_deaths: 0.
num_vsnodes_births: 3.
num_vsnodes_deaths: 0.
num_space_committed: 282.
num_space_uncommitted: 0.
num_chunks_returned_to_freelist: 0.
num_chunks_taken_from_freelist: 780.
num_chunk_merges: 0.
num_chunk_splits: 560.
num_chunks_enlarged: 451.
num_purges: 0.
num_inconsistent_stats: 0.

CodeHeap 'non-profiled nmethods': size=120000Kb used=1400Kb max_used=1400Kb free=118599Kb
 bounds [0x0000024d5bb10000, 0x0000024d5bd80000, 0x0000024d63040000]
CodeHeap 'profiled nmethods': size=120000Kb used=6700Kb max_used=6700Kb free=113299Kb
 bounds [0x0000024d545e0000, 0x0000024d54c70000, 0x0000024d5bb10000]
CodeHeap 'non-nmethods': size=5760Kb used=1435Kb max_used=1480Kb free=4324Kb
 bounds [0x0000024d54040000, 0x0000024d542b0000, 0x0000024d545e0000]
 total_blobs=4158 nmethods=3365 adapters=704
 compilation: enabled
              stopped_count=0, restarted_count=0
 full_count=0

Compilation events (20 events):
Event: 40.028 Thread 0x0000024d6b0711b0 3363       3       com.sun.javafx.geom.PickRay::transform (27 bytes)
Event: 40.029 Thread 0x0000024d6b0711b0 nmethod 3363 0x0000024d54c64610 code [0x0000024d54c647c0, 0x0000024d54c64a78]
Event: 40.029 Thread 0x0000024d6b0711b0 3364       3       com.sun.javafx.geom.transform.Affine3D::deltaTransform (126 bytes)
Event: 40.029 Thread 0x0000024d6b0711b0 nmethod 3364 0x0000024d54c64b90 code [0x0000024d54c64d60, 0x0000024d54c65128]
Event: 40.029 Thread 0x0000024d6b0711b0 3365       3       javafx.scene.input.PickResult::<init> (50 bytes)
Event: 40.029 Thread 0x0000024d6b0711b0 nmethod 3365 0x0000024d54c65310 code [0x0000024d54c654c0, 0x0000024d54c657b8]
Event: 40.044 Thread 0x0000024d6b0711b0 3366       3       javafx.scene.Scene$MouseHandler::handleEnterExit (369 bytes)
Event: 40.045 Thread 0x0000024d6b0711b0 nmethod 3366 0x0000024d54c65890 code [0x0000024d54c65c40, 0x0000024d54c67a08]
Event: 40.059 Thread 0x0000024d6b0711b0 3367       3       com.sun.javafx.scene.NodeHelper::pickNodeLocalImpl (12 bytes)
Event: 40.060 Thread 0x0000024d6b0711b0 nmethod 3367 0x0000024d54c68210 code [0x0000024d54c683c0, 0x0000024d54c68628]
Event: 40.060 Thread 0x0000024d6b0711b0 3368       3       javafx.scene.Node$1::doPickNodeLocal (7 bytes)
Event: 40.060 Thread 0x0000024d6b0711b0 nmethod 3368 0x0000024d54c68790 code [0x0000024d54c68940, 0x0000024d54c68ae8]
Event: 40.084 Thread 0x0000024d6b0711b0 3369       3       javafx.scene.Scene$MouseHandler::updateCursor (36 bytes)
Event: 40.084 Thread 0x0000024d6b0711b0 nmethod 3369 0x0000024d54c68c10 code [0x0000024d54c68dc0, 0x0000024d54c691b8]
Event: 41.130 Thread 0x0000024d6b0711b0 3370       3       javafx.scene.layout.BackgroundFill::<init> (95 bytes)
Event: 41.131 Thread 0x0000024d6b0711b0 nmethod 3370 0x0000024d54c69310 code [0x0000024d54c69500, 0x0000024d54c699f8]
Event: 41.131 Thread 0x0000024d6b0711b0 3371       3       javafx.geometry.Insets::hashCode (83 bytes)
Event: 41.132 Thread 0x0000024d6b0711b0 nmethod 3371 0x0000024d54c69b90 code [0x0000024d54c69d80, 0x0000024d54c6a5b8]
Event: 41.260 Thread 0x0000024d6b0711b0 3372       3       javafx.beans.property.ReadOnlyBooleanWrapper::fireValueChangedEvent (19 bytes)
Event: 41.260 Thread 0x0000024d6b0711b0 nmethod 3372 0x0000024d54c6a790 code [0x0000024d54c6a960, 0x0000024d54c6aeb8]

GC Heap History (4 events):
Event: 1.457 GC heap before
{Heap before GC invocations=0 (full 0):
 garbage-first heap   total 131072K, used 23552K [0x0000000081e00000, 0x0000000100000000)
  region size 1024K, 23 young (23552K), 0 survivors (0K)
 Metaspace       used 5680K, committed 5888K, reserved 1056768K
  class space    used 701K, committed 832K, reserved 1048576K
}
Event: 1.464 GC heap after
{Heap after GC invocations=1 (full 0):
 garbage-first heap   total 131072K, used 3688K [0x0000000081e00000, 0x0000000100000000)
  region size 1024K, 3 young (3072K), 3 survivors (3072K)
 Metaspace       used 5680K, committed 5888K, reserved 1056768K
  class space    used 701K, committed 832K, reserved 1048576K
}
Event: 2.802 GC heap before
{Heap before GC invocations=1 (full 0):
 garbage-first heap   total 131072K, used 37480K [0x0000000081e00000, 0x0000000100000000)
  region size 1024K, 36 young (36864K), 3 survivors (3072K)
 Metaspace       used 13940K, committed 14144K, reserved 1064960K
  class space    used 2093K, committed 2176K, reserved 1048576K
}
Event: 2.814 GC heap after
{Heap after GC invocations=2 (full 0):
 garbage-first heap   total 131072K, used 7099K [0x0000000081e00000, 0x0000000100000000)
  region size 1024K, 5 young (5120K), 5 survivors (5120K)
 Metaspace       used 13940K, committed 14144K, reserved 1064960K
  class space    used 2093K, committed 2176K, reserved 1048576K
}

Deoptimization events (20 events):
Event: 14.641 Thread 0x0000024d6ca99410 Uncommon trap: trap_request=0xffffff45 fr.pc=0x0000024d5bc04be0 relative=0x00000000000000c0
Event: 14.641 Thread 0x0000024d6ca99410 Uncommon trap: reason=unstable_if action=reinterpret pc=0x0000024d5bc04be0 method=java.lang.Math.round(D)J @ 48 c2
Event: 14.642 Thread 0x0000024d6ca99410 DEOPT PACKING pc=0x0000024d5bc04be0 sp=0x0000006b77dfc260
Event: 14.642 Thread 0x0000024d6ca99410 DEOPT UNPACKING pc=0x0000024d540923a3 sp=0x0000006b77dfc1b0 mode 2
Event: 14.700 Thread 0x0000024d6c3d84c0 DEOPT PACKING pc=0x0000024d549c3ab0 sp=0x0000006b779fba10
Event: 14.700 Thread 0x0000024d6c3d84c0 DEOPT UNPACKING pc=0x0000024d54092b43 sp=0x0000006b779fadc8 mode 0
Event: 16.837 Thread 0x0000024d6ca99410 Uncommon trap: trap_request=0xffffff45 fr.pc=0x0000024d5bc040cc relative=0x000000000000012c
Event: 16.837 Thread 0x0000024d6ca99410 Uncommon trap: reason=unstable_if action=reinterpret pc=0x0000024d5bc040cc method=com.sun.javafx.text.TextRun.getPosX(I)F @ 75 c2
Event: 16.837 Thread 0x0000024d6ca99410 DEOPT PACKING pc=0x0000024d5bc040cc sp=0x0000006b77dfc270
Event: 16.837 Thread 0x0000024d6ca99410 DEOPT UNPACKING pc=0x0000024d540923a3 sp=0x0000006b77dfc208 mode 2
Event: 37.957 Thread 0x0000024d6d013680 Uncommon trap: trap_request=0xffffff45 fr.pc=0x0000024d5bc3d2b0 relative=0x0000000000000090
Event: 37.957 Thread 0x0000024d6d013680 Uncommon trap: reason=unstable_if action=reinterpret pc=0x0000024d5bc3d2b0 method=java.util.concurrent.locks.AbstractQueuedSynchronizer.signalNext(Ljava/util/concurrent/locks/AbstractQueuedSynchronizer$Node;)V @ 17 c2
Event: 37.957 Thread 0x0000024d6d013680 DEOPT PACKING pc=0x0000024d5bc3d2b0 sp=0x0000006b782feac0
Event: 37.957 Thread 0x0000024d6d013680 DEOPT UNPACKING pc=0x0000024d540923a3 sp=0x0000006b782fea50 mode 2
Event: 37.972 Thread 0x0000024d6c3d84c0 DEOPT PACKING pc=0x0000024d54b325da sp=0x0000006b779fb0f0
Event: 37.972 Thread 0x0000024d6c3d84c0 DEOPT UNPACKING pc=0x0000024d54092b43 sp=0x0000006b779fa528 mode 0
Event: 37.983 Thread 0x0000024d6c3d84c0 DEOPT PACKING pc=0x0000024d54b325da sp=0x0000006b779fb200
Event: 37.983 Thread 0x0000024d6c3d84c0 DEOPT UNPACKING pc=0x0000024d54092b43 sp=0x0000006b779fa638 mode 0
Event: 38.004 Thread 0x0000024d6c3d84c0 DEOPT PACKING pc=0x0000024d54b325da sp=0x0000006b779fb240
Event: 38.004 Thread 0x0000024d6c3d84c0 DEOPT UNPACKING pc=0x0000024d54092b43 sp=0x0000006b779fa678 mode 0

Classes unloaded (0 events):
No events

Classes redefined (0 events):
No events

Internal exceptions (20 events):
Event: 2.370 Thread 0x0000024d6ca99410 Exception <a 'java/io/FileNotFoundException'{0x0000000088779ec0}> (0x0000000088779ec0) 
thrown [t:\workspace\open\src\hotspot\share\prims\jni.cpp, line 516]
Event: 2.450 Thread 0x0000024d6ca99410 Exception <a 'java/lang/NoSuchMethodError'{0x0000000088232f68}: 'java.lang.Object java.lang.invoke.DirectMethodHandle$Holder.invokeInterface(java.lang.Object, java.lang.Object, java.lang.Object)'> (0x0000000088232f68) 
thrown [t:\workspace\open\src\hotspot\share\interpreter\linkResolver.cpp, line 766]
Event: 2.451 Thread 0x0000024d6ca99410 Exception <a 'java/lang/IncompatibleClassChangeError'{0x00000000882368f0}: Found class java.lang.Object, but interface was expected> (0x00000000882368f0) 
thrown [t:\workspace\open\src\hotspot\share\interpreter\linkResolver.cpp, line 833]
Event: 2.456 Thread 0x0000024d6ca99410 Exception <a 'java/lang/ClassNotFoundException'{0x0000000088261568}: com/sun/javafx/scene/control/skin/resources/controls> (0x0000000088261568) 
thrown [t:\workspace\open\src\hotspot\share\prims\jni.cpp, line 535]
Event: 2.457 Thread 0x0000024d6ca99410 Exception <a 'java/lang/ClassNotFoundException'{0x0000000088270e18}: com/sun/javafx/scene/control/skin/resources/controls_en> (0x0000000088270e18) 
thrown [t:\workspace\open\src\hotspot\share\prims\jni.cpp, line 535]
Event: 2.457 Thread 0x0000024d6ca99410 Exception <a 'java/lang/ClassNotFoundException'{0x0000000088271db0}: com/sun/javafx/scene/control/skin/resources/controls_en_US> (0x0000000088271db0) 
thrown [t:\workspace\open\src\hotspot\share\prims\jni.cpp, line 535]
Event: 2.611 Thread 0x0000024d6ca99410 Exception <a 'java/lang/NoSuchMethodError'{0x0000000087e94f58}: 'void java.lang.invoke.DirectMethodHandle$Holder.invokeSpecial(java.lang.Object, java.lang.Object, java.lang.Object, java.lang.Object, java.lang.Object, java.lang.Object)'> (0x0000000087e94f58) 
thrown [t:\workspace\open\src\hotspot\share\interpreter\linkResolver.cpp, line 766]
Event: 3.011 Thread 0x0000024d6ca99410 Exception <a 'java/lang/NoSuchMethodError'{0x00000000899d2db8}: 'void java.lang.invoke.DirectMethodHandle$Holder.invokeSpecial(java.lang.Object, java.lang.Object, int, int)'> (0x00000000899d2db8) 
thrown [t:\workspace\open\src\hotspot\share\interpreter\linkResolver.cpp, line 766]
Event: 3.012 Thread 0x0000024d6ca99410 Exception <a 'java/lang/NoSuchMethodError'{0x00000000899d9818}: 'java.lang.Object java.lang.invoke.DirectMethodHandle$Holder.newInvokeSpecial(java.lang.Object, java.lang.Object, int, int)'> (0x00000000899d9818) 
thrown [t:\workspace\open\src\hotspot\share\interpreter\linkResolver.cpp, line 766]
Event: 3.026 Thread 0x0000024d6ca99410 Exception <a 'java/lang/NoSuchMethodError'{0x00000000899f4e70}: 'java.lang.Object java.lang.invoke.DirectMethodHandle$Holder.newInvokeSpecial(java.lang.Object, java.lang.Object, int)'> (0x00000000899f4e70) 
thrown [t:\workspace\open\src\hotspot\share\interpreter\linkResolver.cpp, line 766]
Event: 3.104 Thread 0x0000024d6c3d84c0 Exception <a 'java/lang/NoSuchMethodError'{0x000000008979aca8}: 'int java.lang.invoke.DirectMethodHandle$Holder.invokeStaticInit(java.lang.Object, java.lang.Object)'> (0x000000008979aca8) 
thrown [t:\workspace\open\src\hotspot\share\interpreter\linkResolver.cpp, line 766]
Event: 3.107 Thread 0x0000024d6ca99410 Exception <a 'java/lang/NoSuchMethodError'{0x00000000897673a8}: 'long java.lang.invoke.DirectMethodHandle$Holder.invokeStatic(java.lang.Object, java.lang.Object, java.lang.Object)'> (0x00000000897673a8) 
thrown [t:\workspace\open\src\hotspot\share\interpreter\linkResolver.cpp, line 766]
Event: 3.107 Thread 0x0000024d6ca99410 Exception <a 'java/lang/NoSuchMethodError'{0x000000008976ab50}: 'long java.lang.invoke.DirectMethodHandle$Holder.invokeStaticInit(java.lang.Object, java.lang.Object, java.lang.Object)'> (0x000000008976ab50) 
thrown [t:\workspace\open\src\hotspot\share\interpreter\linkResolver.cpp, line 766]
Event: 3.112 Thread 0x0000024d6ca99410 Exception <a 'java/lang/NoSuchMethodError'{0x00000000896029c0}: 'java.lang.Object java.lang.invoke.DirectMethodHandle$Holder.newInvokeSpecial(java.lang.Object, java.lang.Object, long)'> (0x00000000896029c0) 
thrown [t:\workspace\open\src\hotspot\share\interpreter\linkResolver.cpp, line 766]
Event: 3.113 Thread 0x0000024d6ca99410 Exception <a 'java/lang/NoSuchMethodError'{0x0000000089606530}: 'java.lang.Object java.lang.invoke.Invokers$Holder.linkToTargetMethod(java.lang.Object, long, java.lang.Object)'> (0x0000000089606530) 
thrown [t:\workspace\open\src\hotspot\share\interpreter\linkResolver.cpp, line 766]
Event: 14.660 Thread 0x0000024d6c3d84c0 Exception <a 'java/lang/NoSuchMethodError'{0x0000000089294830}: 'java.lang.Object java.lang.invoke.DirectMethodHandle$Holder.invokeStaticInit(java.lang.Object, int)'> (0x0000000089294830) 
thrown [t:\workspace\open\src\hotspot\share\interpreter\linkResolver.cpp, line 766]
Event: 14.981 Thread 0x0000024d6ca99410 Exception <a 'java/lang/NoSuchMethodError'{0x0000000089082c68}: 'java.lang.Object java.lang.invoke.DirectMethodHandle$Holder.newInvokeSpecial(java.lang.Object, java.lang.Object, int, int, int, int, int, java.lang.Object)'> (0x0000000089082c68) 
thrown [t:\workspace\open\src\hotspot\share\interpreter\linkResolver.cpp, line 766]
Event: 14.983 Thread 0x0000024d6ca99410 Exception <a 'java/lang/NoSuchMethodError'{0x0000000089095c48}: 'java.lang.Object java.lang.invoke.DirectMethodHandle$Holder.newInvokeSpecial(java.lang.Object, java.lang.Object, java.lang.Object, int, int, int, int, int)'> (0x0000000089095c48) 
thrown [t:\workspace\open\src\hotspot\share\interpreter\linkResolver.cpp, line 766]
Event: 14.984 Thread 0x0000024d6ca99410 Exception <a 'java/lang/NoSuchMethodError'{0x000000008909d4a8}: 'java.lang.Object java.lang.invoke.Invokers$Holder.linkToTargetMethod(java.lang.Object, java.lang.Object, int, int, int, int, int, java.lang.Object)'> (0x000000008909d4a8) 
thrown [t:\workspace\open\src\hotspot\share\interpreter\linkResolver.cpp, line 766]
Event: 41.260 Thread 0x0000024d6ca99410 JVM_StopThread thread JavaThread 0x0000024d6d013680 as oop 0x0000000088eed070 [exception 0x0000006b77dfc538]

VM Operations (20 events):
Event: 23.407 Executing VM operation: Cleanup
Event: 23.407 Executing VM operation: Cleanup done
Event: 25.407 Executing VM operation: Cleanup
Event: 25.408 Executing VM operation: Cleanup done
Event: 26.408 Executing VM operation: Cleanup
Event: 26.408 Executing VM operation: Cleanup done
Event: 27.408 Executing VM operation: Cleanup
Event: 27.409 Executing VM operation: Cleanup done
Event: 29.409 Executing VM operation: Cleanup
Event: 29.409 Executing VM operation: Cleanup done
Event: 32.412 Executing VM operation: Cleanup
Event: 32.412 Executing VM operation: Cleanup done
Event: 33.412 Executing VM operation: Cleanup
Event: 33.412 Executing VM operation: Cleanup done
Event: 37.415 Executing VM operation: Cleanup
Event: 37.415 Executing VM operation: Cleanup done
Event: 38.416 Executing VM operation: Cleanup
Event: 38.416 Executing VM operation: Cleanup done
Event: 40.417 Executing VM operation: Cleanup
Event: 40.417 Executing VM operation: Cleanup done

Events (20 events):
Event: 15.060 loading class sun/text/resources/BreakIteratorResources_en done
Event: 15.060 loading class sun/text/resources/BreakIteratorResources_en_US
Event: 15.060 loading class sun/text/resources/BreakIteratorResources_en_US done
Event: 15.061 loading class sun/text/RuleBasedBreakIterator
Event: 15.061 loading class sun/text/RuleBasedBreakIterator done
Event: 15.063 loading class sun/text/CompactByteArray
Event: 15.063 Thread 0x0000024d73abd710 Thread added: 0x0000024d73abd710
Event: 15.063 loading class sun/text/CompactByteArray done
Event: 15.064 loading class sun/text/SupplementaryCharacterData
Event: 15.064 loading class sun/text/SupplementaryCharacterData done
Event: 15.065 loading class java/text/BreakIterator$BreakIteratorCache
Event: 15.065 loading class java/text/BreakIterator$BreakIteratorCache done
Event: 15.251 Thread 0x0000024d73abd710 Thread exited: 0x0000024d73abd710
Event: 24.932 loading class java/text/StringCharacterIterator
Event: 24.932 loading class java/text/StringCharacterIterator done
Event: 32.548 Thread 0x0000024d6d013680 Thread added: 0x0000024d6d013680
Event: 32.549 loading class java/io/InterruptedIOException
Event: 32.549 loading class java/io/InterruptedIOException done
Event: 36.476 Thread 0x0000024d739ccb00 Thread added: 0x0000024d739ccb00
Event: 37.956 Thread 0x0000024d739ccb00 Thread exited: 0x0000024d739ccb00


Dynamic libraries:
0x00007ff62f640000 - 0x00007ff62f650000 	C:\Program Files\Java\jdk-17.0.1\bin\java.exe
0x00007fff71a50000 - 0x00007fff71c48000 	C:\Windows\SYSTEM32\ntdll.dll
0x00007fff71880000 - 0x00007fff7193f000 	C:\Windows\System32\KERNEL32.DLL
0x00007fff6f2a0000 - 0x00007fff6f596000 	C:\Windows\System32\KERNELBASE.dll
0x00007fff6f5a0000 - 0x00007fff6f6a0000 	C:\Windows\System32\ucrtbase.dll
0x00007fff68f70000 - 0x00007fff68f8a000 	C:\Program Files\Java\jdk-17.0.1\bin\VCRUNTIME140.dll
0x00007fff68f50000 - 0x00007fff68f68000 	C:\Program Files\Java\jdk-17.0.1\bin\jli.dll
0x00007fff71450000 - 0x00007fff714ff000 	C:\Windows\System32\ADVAPI32.dll
0x00007fff700e0000 - 0x00007fff7017e000 	C:\Windows\System32\msvcrt.dll
0x00007fff717e0000 - 0x00007fff7187c000 	C:\Windows\System32\sechost.dll
0x00007fff6fb70000 - 0x00007fff6fc96000 	C:\Windows\System32\RPCRT4.dll
0x00007fff6fe20000 - 0x00007fff6ffbd000 	C:\Windows\System32\USER32.dll
0x00007fff600d0000 - 0x00007fff6036a000 	C:\Windows\WinSxS\amd64_microsoft.windows.common-controls_6595b64144ccf1df_6.0.19041.1110_none_60b5254171f9507e\COMCTL32.dll
0x00007fff6f1e0000 - 0x00007fff6f202000 	C:\Windows\System32\win32u.dll
0x00007fff6fb40000 - 0x00007fff6fb6c000 	C:\Windows\System32\GDI32.dll
0x00007fff6f740000 - 0x00007fff6f855000 	C:\Windows\System32\gdi32full.dll
0x00007fff6f6a0000 - 0x00007fff6f73d000 	C:\Windows\System32\msvcp_win.dll
0x00007fff66de0000 - 0x00007fff66dea000 	C:\Windows\SYSTEM32\VERSION.dll
0x00007fff70c30000 - 0x00007fff70c60000 	C:\Windows\System32\IMM32.DLL
0x00007fff68f40000 - 0x00007fff68f4c000 	C:\Program Files\Java\jdk-17.0.1\bin\vcruntime140_1.dll
0x00007fff5d950000 - 0x00007fff5d9dd000 	C:\Program Files\Java\jdk-17.0.1\bin\msvcp140.dll
0x00007fff1e7e0000 - 0x00007fff1f39e000 	C:\Program Files\Java\jdk-17.0.1\bin\server\jvm.dll
0x00007fff70020000 - 0x00007fff70028000 	C:\Windows\System32\PSAPI.DLL
0x00007fff6bfb0000 - 0x00007fff6bfb9000 	C:\Windows\SYSTEM32\WSOCK32.dll
0x00007fff60550000 - 0x00007fff60577000 	C:\Windows\SYSTEM32\WINMM.dll
0x00007fff71560000 - 0x00007fff715cb000 	C:\Windows\System32\WS2_32.dll
0x00007fff6cfa0000 - 0x00007fff6cfb2000 	C:\Windows\SYSTEM32\kernel.appcore.dll
0x00007fff68f30000 - 0x00007fff68f3a000 	C:\Program Files\Java\jdk-17.0.1\bin\jimage.dll
0x00007fff559d0000 - 0x00007fff55bb4000 	C:\Windows\SYSTEM32\DBGHELP.DLL
0x00007fff557a0000 - 0x00007fff557d4000 	C:\Windows\SYSTEM32\dbgcore.DLL
0x00007fff6f210000 - 0x00007fff6f292000 	C:\Windows\System32\bcryptPrimitives.dll
0x00007fff6bf20000 - 0x00007fff6bf2e000 	C:\Program Files\Java\jdk-17.0.1\bin\instrument.dll
0x00007fff5df60000 - 0x00007fff5df85000 	C:\Program Files\Java\jdk-17.0.1\bin\java.dll
0x00007fff40fd0000 - 0x00007fff410a6000 	C:\Program Files\Java\jdk-17.0.1\bin\svml.dll
0x00007fff70d00000 - 0x00007fff71444000 	C:\Windows\System32\SHELL32.dll
0x00007fff6d1a0000 - 0x00007fff6d933000 	C:\Windows\SYSTEM32\windows.storage.dll
0x00007fff70870000 - 0x00007fff70bc4000 	C:\Windows\System32\combase.dll
0x00007fff6eaa0000 - 0x00007fff6eace000 	C:\Windows\SYSTEM32\Wldp.dll
0x00007fff70030000 - 0x00007fff700dd000 	C:\Windows\System32\SHCORE.dll
0x00007fff6ffc0000 - 0x00007fff70015000 	C:\Windows\System32\shlwapi.dll
0x00007fff6f070000 - 0x00007fff6f08f000 	C:\Windows\SYSTEM32\profapi.dll
0x00007fff662d0000 - 0x00007fff662e9000 	C:\Program Files\Java\jdk-17.0.1\bin\net.dll
0x00007fff61d30000 - 0x00007fff61e3a000 	C:\Windows\SYSTEM32\WINHTTP.dll
0x00007fff6e880000 - 0x00007fff6e8ea000 	C:\Windows\system32\mswsock.dll
0x00007fff66210000 - 0x00007fff66225000 	C:\Program Files\Java\jdk-17.0.1\bin\nio.dll
0x00007fff5d930000 - 0x00007fff5d948000 	C:\Program Files\Java\jdk-17.0.1\bin\zip.dll
0x00007fff66530000 - 0x00007fff6654a000 	C:\Users\hesha\IntelliJ IDEA 2022.3.2\bin\breakgen64.dll
0x0000024d4b130000 - 0x0000024d4b133000 	C:\Users\hesha\.openjfx\cache\17.0.2-ea\api-ms-win-core-console-l1-1-0.dll
0x0000024d4b140000 - 0x0000024d4b143000 	C:\Users\hesha\.openjfx\cache\17.0.2-ea\api-ms-win-core-console-l1-2-0.dll
0x0000024d4b150000 - 0x0000024d4b153000 	C:\Users\hesha\.openjfx\cache\17.0.2-ea\api-ms-win-core-datetime-l1-1-0.dll
0x0000024d6b200000 - 0x0000024d6b203000 	C:\Users\hesha\.openjfx\cache\17.0.2-ea\api-ms-win-core-debug-l1-1-0.dll
0x0000024d6b210000 - 0x0000024d6b213000 	C:\Users\hesha\.openjfx\cache\17.0.2-ea\api-ms-win-core-errorhandling-l1-1-0.dll
0x0000024d6b220000 - 0x0000024d6b224000 	C:\Users\hesha\.openjfx\cache\17.0.2-ea\api-ms-win-core-file-l1-1-0.dll
0x0000024d6b230000 - 0x0000024d6b233000 	C:\Users\hesha\.openjfx\cache\17.0.2-ea\api-ms-win-core-file-l1-2-0.dll
0x0000024d6b240000 - 0x0000024d6b243000 	C:\Users\hesha\.openjfx\cache\17.0.2-ea\api-ms-win-core-file-l2-1-0.dll
0x0000024d6b250000 - 0x0000024d6b253000 	C:\Users\hesha\.openjfx\cache\17.0.2-ea\api-ms-win-core-handle-l1-1-0.dll
0x0000024d6b260000 - 0x0000024d6b263000 	C:\Users\hesha\.openjfx\cache\17.0.2-ea\api-ms-win-core-heap-l1-1-0.dll
0x0000024d6b270000 - 0x0000024d6b273000 	C:\Users\hesha\.openjfx\cache\17.0.2-ea\api-ms-win-core-interlocked-l1-1-0.dll
0x0000024d6b280000 - 0x0000024d6b283000 	C:\Users\hesha\.openjfx\cache\17.0.2-ea\api-ms-win-core-libraryloader-l1-1-0.dll
0x0000024d6b290000 - 0x0000024d6b293000 	C:\Users\hesha\.openjfx\cache\17.0.2-ea\api-ms-win-core-localization-l1-2-0.dll
0x0000024d6b2a0000 - 0x0000024d6b2a3000 	C:\Users\hesha\.openjfx\cache\17.0.2-ea\api-ms-win-core-memory-l1-1-0.dll
0x0000024d6b2b0000 - 0x0000024d6b2b3000 	C:\Users\hesha\.openjfx\cache\17.0.2-ea\api-ms-win-core-namedpipe-l1-1-0.dll
0x0000024d6b2c0000 - 0x0000024d6b2c3000 	C:\Users\hesha\.openjfx\cache\17.0.2-ea\api-ms-win-core-processenvironment-l1-1-0.dll
0x0000024d6b2d0000 - 0x0000024d6b2d3000 	C:\Users\hesha\.openjfx\cache\17.0.2-ea\api-ms-win-core-processthreads-l1-1-0.dll
0x0000024d6b2e0000 - 0x0000024d6b2e3000 	C:\Users\hesha\.openjfx\cache\17.0.2-ea\api-ms-win-core-processthreads-l1-1-1.dll
0x0000024d6b2f0000 - 0x0000024d6b2f3000 	C:\Users\hesha\.openjfx\cache\17.0.2-ea\api-ms-win-core-profile-l1-1-0.dll
0x0000024d6b300000 - 0x0000024d6b303000 	C:\Users\hesha\.openjfx\cache\17.0.2-ea\api-ms-win-core-rtlsupport-l1-1-0.dll
0x0000024d6b310000 - 0x0000024d6b313000 	C:\Users\hesha\.openjfx\cache\17.0.2-ea\api-ms-win-core-string-l1-1-0.dll
0x0000024d6b320000 - 0x0000024d6b323000 	C:\Users\hesha\.openjfx\cache\17.0.2-ea\api-ms-win-core-synch-l1-1-0.dll
0x0000024d6b330000 - 0x0000024d6b333000 	C:\Users\hesha\.openjfx\cache\17.0.2-ea\api-ms-win-core-synch-l1-2-0.dll
0x0000024d6b340000 - 0x0000024d6b343000 	C:\Users\hesha\.openjfx\cache\17.0.2-ea\api-ms-win-core-sysinfo-l1-1-0.dll
0x0000024d6b350000 - 0x0000024d6b353000 	C:\Users\hesha\.openjfx\cache\17.0.2-ea\api-ms-win-core-timezone-l1-1-0.dll
0x0000024d6b360000 - 0x0000024d6b363000 	C:\Users\hesha\.openjfx\cache\17.0.2-ea\api-ms-win-core-util-l1-1-0.dll
0x0000024d6b370000 - 0x0000024d6b373000 	C:\Users\hesha\.openjfx\cache\17.0.2-ea\api-ms-win-crt-conio-l1-1-0.dll
0x0000024d6b380000 - 0x0000024d6b384000 	C:\Users\hesha\.openjfx\cache\17.0.2-ea\api-ms-win-crt-convert-l1-1-0.dll
0x0000024d6b390000 - 0x0000024d6b393000 	C:\Users\hesha\.openjfx\cache\17.0.2-ea\api-ms-win-crt-environment-l1-1-0.dll
0x0000024d6b3a0000 - 0x0000024d6b3a3000 	C:\Users\hesha\.openjfx\cache\17.0.2-ea\api-ms-win-crt-filesystem-l1-1-0.dll
0x0000024d6b3b0000 - 0x0000024d6b3b3000 	C:\Users\hesha\.openjfx\cache\17.0.2-ea\api-ms-win-crt-heap-l1-1-0.dll
0x0000024d6b3c0000 - 0x0000024d6b3c3000 	C:\Users\hesha\.openjfx\cache\17.0.2-ea\api-ms-win-crt-locale-l1-1-0.dll
0x0000024d6b3d0000 - 0x0000024d6b3d5000 	C:\Users\hesha\.openjfx\cache\17.0.2-ea\api-ms-win-crt-math-l1-1-0.dll
0x0000024d6b3e0000 - 0x0000024d6b3e5000 	C:\Users\hesha\.openjfx\cache\17.0.2-ea\api-ms-win-crt-multibyte-l1-1-0.dll
0x0000024d6b3f0000 - 0x0000024d6b400000 	C:\Users\hesha\.openjfx\cache\17.0.2-ea\api-ms-win-crt-private-l1-1-0.dll
0x0000024d6c800000 - 0x0000024d6c803000 	C:\Users\hesha\.openjfx\cache\17.0.2-ea\api-ms-win-crt-process-l1-1-0.dll
0x0000024d6c810000 - 0x0000024d6c814000 	C:\Users\hesha\.openjfx\cache\17.0.2-ea\api-ms-win-crt-runtime-l1-1-0.dll
0x0000024d6c820000 - 0x0000024d6c824000 	C:\Users\hesha\.openjfx\cache\17.0.2-ea\api-ms-win-crt-stdio-l1-1-0.dll
0x0000024d6c830000 - 0x0000024d6c834000 	C:\Users\hesha\.openjfx\cache\17.0.2-ea\api-ms-win-crt-string-l1-1-0.dll
0x0000024d6c840000 - 0x0000024d6c843000 	C:\Users\hesha\.openjfx\cache\17.0.2-ea\api-ms-win-crt-time-l1-1-0.dll
0x0000024d6c850000 - 0x0000024d6c853000 	C:\Users\hesha\.openjfx\cache\17.0.2-ea\api-ms-win-crt-utility-l1-1-0.dll
0x00007fff4b030000 - 0x00007fff4b12c000 	C:\Users\hesha\.openjfx\cache\17.0.2-ea\ucrtbase.dll
0x00007fff5fbe0000 - 0x00007fff5fbfa000 	C:\Users\hesha\.openjfx\cache\17.0.2-ea\vcruntime140.dll
0x00007fff66100000 - 0x00007fff6610c000 	C:\Users\hesha\.openjfx\cache\17.0.2-ea\vcruntime140_1.dll
0x00007fff49960000 - 0x00007fff499ed000 	C:\Users\hesha\.openjfx\cache\17.0.2-ea\msvcp140.dll
0x00007fff5fbb0000 - 0x00007fff5fbda000 	C:\Users\hesha\.openjfx\cache\17.0.2-ea\prism_d3d.dll
0x00007fff538f0000 - 0x00007fff53abd000 	C:\Windows\system32\d3d9.dll
0x00007fff6ccb0000 - 0x00007fff6ccdf000 	C:\Windows\SYSTEM32\dwmapi.dll
0x00007fff6ca90000 - 0x00007fff6cb2e000 	C:\Windows\system32\uxtheme.dll
0x00007fff35610000 - 0x00007fff35883000 	C:\Windows\System32\DriverStore\FileRepository\iigd_dch.inf_amd64_6246a671f6b2c830\igdumdim64.dll
0x00007fff26f30000 - 0x00007fff2a664000 	C:\Windows\System32\DriverStore\FileRepository\iigd_dch.inf_amd64_6246a671f6b2c830\igd9dxva64.dll
0x00007fff716b0000 - 0x00007fff717da000 	C:\Windows\System32\ole32.dll
0x00007fff71940000 - 0x00007fff71a0d000 	C:\Windows\System32\OLEAUT32.dll
0x00007fff5dd50000 - 0x00007fff5dd92000 	C:\Users\hesha\.openjfx\cache\17.0.2-ea\glass.dll
0x00007fff715d0000 - 0x00007fff716aa000 	C:\Windows\System32\COMDLG32.dll
0x00007fff6fd00000 - 0x00007fff6fe14000 	C:\Windows\System32\MSCTF.dll
0x00007fff66130000 - 0x00007fff66151000 	C:\Windows\System32\DriverStore\FileRepository\iigd_dch.inf_amd64_6246a671f6b2c830\igdinfo64.dll
0x00007fff61f40000 - 0x00007fff63ea9000 	C:\Windows\System32\DriverStore\FileRepository\iigd_dch.inf_amd64_6246a671f6b2c830\igc64.dll
0x00007fff66df0000 - 0x00007fff66e2b000 	C:\Windows\SYSTEM32\dxcore.dll
0x00007fff6fa60000 - 0x00007fff6faae000 	C:\Windows\System32\cfgmgr32.dll
0x00007fff5fac0000 - 0x00007fff5fad4000 	C:\Users\hesha\.openjfx\cache\17.0.2-ea\javafx_font.dll
0x00007fff425e0000 - 0x00007fff4285f000 	C:\Windows\SYSTEM32\dwrite.dll
0x00007fff5dbf0000 - 0x00007fff5dc24000 	C:\Users\hesha\AppData\Local\Temp\jSerialComm\2.9.3\jSerialComm.dll
0x00007fff70350000 - 0x00007fff707b8000 	C:\Windows\System32\SETUPAPI.dll
0x00007fff6fa30000 - 0x00007fff6fa57000 	C:\Windows\System32\bcrypt.dll
0x00007fff6ee60000 - 0x00007fff6ee8c000 	C:\Windows\SYSTEM32\DEVOBJ.dll
0x00007fff6f9c0000 - 0x00007fff6fa27000 	C:\Windows\System32\WINTRUST.dll
0x00007fff6f860000 - 0x00007fff6f9be000 	C:\Windows\System32\CRYPT32.dll
0x00007fff6ee30000 - 0x00007fff6ee42000 	C:\Windows\SYSTEM32\MSASN1.dll
0x00007fff707c0000 - 0x00007fff70869000 	C:\Windows\System32\clbcatq.dll
0x00007fff6a040000 - 0x00007fff6a1f4000 	C:\Windows\SYSTEM32\WindowsCodecs.dll
0x00007fff5e160000 - 0x00007fff5e19e000 	C:\Windows\system32\dataexchange.dll
0x00007fff6b4d0000 - 0x00007fff6b733000 	C:\Windows\system32\d3d11.dll
0x00007fff6bd00000 - 0x00007fff6bee3000 	C:\Windows\system32\dcomp.dll
0x00007fff6d9a0000 - 0x00007fff6da93000 	C:\Windows\system32\dxgi.dll
0x00007fff69c30000 - 0x00007fff69e37000 	C:\Windows\system32\twinapi.appcore.dll
0x00007fff5dde0000 - 0x00007fff5de14000 	C:\Program Files\Common Files\Microsoft Shared\Ink\rtscom.dll
0x00007fff60f70000 - 0x00007fff61069000 	C:\Windows\SYSTEM32\textinputframework.dll
0x00007fff6c6b0000 - 0x00007fff6c7a2000 	C:\Windows\System32\CoreMessaging.dll
0x00007fff6bfd0000 - 0x00007fff6c32e000 	C:\Windows\System32\CoreUIComponents.dll
0x00007fff6e290000 - 0x00007fff6e2c3000 	C:\Windows\SYSTEM32\ntmarta.dll

dbghelp: loaded successfully - version: 4.0.5 - missing functions: none
symbol engine: initialized successfully - sym options: 0x614 - pdb path: .;C:\Program Files\Java\jdk-17.0.1\bin;C:\Windows\SYSTEM32;C:\Windows\WinSxS\amd64_microsoft.windows.common-controls_6595b64144ccf1df_6.0.19041.1110_none_60b5254171f9507e;C:\Program Files\Java\jdk-17.0.1\bin\server;C:\Users\hesha\IntelliJ IDEA 2022.3.2\bin;C:\Users\hesha\.openjfx\cache\17.0.2-ea;C:\Windows\System32\DriverStore\FileRepository\iigd_dch.inf_amd64_6246a671f6b2c830;C:\Users\hesha\AppData\Local\Temp\jSerialComm\2.9.3;C:\Program Files\Common Files\Microsoft Shared\Ink

VM Arguments:
jvm_args: -javaagent:C:\Users\hesha\IntelliJ IDEA 2022.3.2\lib\idea_rt.jar=64895:C:\Users\hesha\IntelliJ IDEA 2022.3.2\bin -Dfile.encoding=UTF-8 --module-path=C:\Users\hesha\.m2\repository\org\openjfx\javafx-graphics\17.0.2\javafx-graphics-17.0.2-win.jar;E:\Coding\Java\Projects\SerialMon\target\classes;C:\Users\hesha\.m2\repository\org\openjfx\javafx-controls\17.0.2\javafx-controls-17.0.2-win.jar;C:\Users\hesha\.m2\repository\com\fazecast\jSerialComm\2.9.3\jSerialComm-2.9.3.jar;C:\Users\hesha\.m2\repository\org\openjfx\javafx-base\17.0.2\javafx-base-17.0.2-win.jar;C:\Users\hesha\.m2\repository\org\openjfx\javafx-fxml\17.0.2\javafx-fxml-17.0.2-win.jar -Djdk.module.main=com.heshanthenura.serialmon 
java_command: com.heshanthenura.serialmon/com.heshanthenura.serialmon.MainApplication
java_class_path (initial): C:\Users\hesha\.m2\repository\org\openjfx\javafx-controls\17.0.2\javafx-controls-17.0.2.jar;C:\Users\hesha\.m2\repository\org\openjfx\javafx-graphics\17.0.2\javafx-graphics-17.0.2.jar;C:\Users\hesha\.m2\repository\org\openjfx\javafx-base\17.0.2\javafx-base-17.0.2.jar;C:\Users\hesha\.m2\repository\org\openjfx\javafx-fxml\17.0.2\javafx-fxml-17.0.2.jar
Launcher Type: SUN_STANDARD

[Global flags]
     intx CICompilerCount                          = 4                                         {product} {ergonomic}
     uint ConcGCThreads                            = 2                                         {product} {ergonomic}
     uint G1ConcRefinementThreads                  = 8                                         {product} {ergonomic}
   size_t G1HeapRegionSize                         = 1048576                                   {product} {ergonomic}
    uintx GCDrainStackTargetSize                   = 64                                        {product} {ergonomic}
   size_t InitialHeapSize                          = 134217728                                 {product} {ergonomic}
   size_t MarkStackSize                            = 4194304                                   {product} {ergonomic}
   size_t MaxHeapSize                              = 2116026368                                {product} {ergonomic}
   size_t MaxNewSize                               = 1268776960                                {product} {ergonomic}
   size_t MinHeapDeltaBytes                        = 1048576                                   {product} {ergonomic}
   size_t MinHeapSize                              = 8388608                                   {product} {ergonomic}
    uintx NonNMethodCodeHeapSize                   = 5839372                                {pd product} {ergonomic}
    uintx NonProfiledCodeHeapSize                  = 122909434                              {pd product} {ergonomic}
    uintx ProfiledCodeHeapSize                     = 122909434                              {pd product} {ergonomic}
    uintx ReservedCodeCacheSize                    = 251658240                              {pd product} {ergonomic}
     bool SegmentedCodeCache                       = true                                      {product} {ergonomic}
   size_t SoftMaxHeapSize                          = 2116026368                             {manageable} {ergonomic}
     bool UseCompressedClassPointers               = true                           {product lp64_product} {ergonomic}
     bool UseCompressedOops                        = true                           {product lp64_product} {ergonomic}
     bool UseG1GC                                  = true                                      {product} {ergonomic}
     bool UseLargePagesIndividualAllocation        = false                                  {pd product} {ergonomic}

Logging:
Log output configuration:
 #0: stdout all=warning uptime,level,tags
 #1: stderr all=off uptime,level,tags

Environment Variables:
JAVA_HOME=C:\Program Files\Java\jdk-17.0.1
PATH=C:\Program Files\Common Files\Oracle\Java\javapath;C:\Windows\system32;C:\Windows;C:\Windows\System32\Wbem;C:\Windows\System32\WindowsPowerShell\v1.0\;C:\Windows\System32\OpenSSH\;C:\Program Files\nodejs\;C:\Program Files\Java\jdk-17.0.1\bin;E:\Programs\Git\cmd;E:\Programs\Git LFS;E:\Coding\Java\JAVASDKs\graalvm-ce-java17-windows-amd64-22.1.0;E:\Programs\Putty\;E:\Programs\Go\bin;C:\Program Files\dotnet\;E:\Coding\Java\JAVASDKs\apache-maven-3.8.4-bin\apache-maven-3.8.4\bin;C:\Users\hesha\Downloads\ffmpeg-2022-12-01-git-45ab5307a6-full_build\bin;C:\Program Files\Docker\Docker\resources\bin;E:\Programs\Nim\nim-1.6.12\bin;E:\Programs\Ruby31-x64\bin;C:\Program Files\MySQL\MySQL Shell 8.0\bin\;C:\Users\hesha\.cargo\bin;E:\Programs\Python\Scripts\;E:\Programs\Python\;C:\Users\hesha\AppData\Local\Microsoft\WindowsApps;C:\Users\hesha\AppData\Roaming\npm;C:\Program Files\nodejs\node.exe;C:\Program Files\nodejs\npm.cmd;C:\Program Files\Java\jdk-17.0.1\bin;C:\Program Files\JetBrains\IntelliJ IDEA Community Edition 2021.3\bin;;C:\Gradle\bin;E:\Coding\Java\JAVASDKs\apache-maven-3.8.4-bin\apache-maven-3.8.4\bin;C:\ProgramData\hesha\GitHubDesktop\bin;E:\Coding\heroku\bin;E:\Coding\ffmpeg-4.4.1-essentials_build\bin;E:\Programs\R-4.2.0\bin;E:\Programs\Rust\.cargo\bin;C:\MinGW\bin;E:\Coding\Java\JAVASDKs\graalvm-ce-java17-windows-amd64-22.1.0\graalvm-ce-java17-22.1.0\;C:\Program Files (x86)\Microsoft Visual Studio\2022\BuildTools\VC\Tools\MSVC\14.32.31326\bin\Hostx64\x64;C:\Users\hesha\Downloads\gcj-3.2-20021210-1.tar\gcj-3.2-20021210-1\bin;C:\Users\hesha\go\bin;C:\Users\hesha\AppData\Local\Coursier\data\bin;C:\Users\hesha\.dotnet\tools;C:\Users\hesha\IntelliJ IDEA 2022.3.2\bin;;E:\Programs\Julia\bin;E:\Programs\Nim\nim-1.6.12\bin;C:\Users\hesha\.nimble\bin
USERNAME=hesha
OS=Windows_NT
PROCESSOR_IDENTIFIER=Intel64 Family 6 Model 142 Stepping 10, GenuineIntel



---------------  S Y S T E M  ---------------

OS:
 Windows 10 , 64 bit Build 19041 (10.0.19041.3031)
OS uptime: 3 days 2:56 hours
Hyper-V role detected

CPU: total 8 (initial active 8) (4 cores per cpu, 2 threads per core) family 6 model 142 stepping 10 microcode 0xb4, cx8, cmov, fxsr, ht, mmx, 3dnowpref, sse, sse2, sse3, ssse3, sse4.1, sse4.2, popcnt, lzcnt, tsc, tscinvbit, avx, avx2, aes, erms, clmul, bmi1, bmi2, adx, fma, vzeroupper, clflush, clflushopt, hv

Memory: 4k page, system-wide physical 8067M (1699M free)
TotalPageFile size 14342M (AvailPageFile size 5414M)
current process WorkingSet (physical memory assigned to process): 174M, peak: 186M
current process commit charge ("private bytes"): 298M, peak: 311M

vm_info: Java HotSpot(TM) 64-Bit Server VM (17.0.1+12-LTS-39) for windows-amd64 JRE (17.0.1+12-LTS-39), built on Sep 27 2021 18:41:35 by "mach5one" with MS VC++ 16.8 (VS2019)

END.
